# JRE version: Java(TM) SE Runtime Environment (8.0_121-b13) (build 1.8.0_121-b13)
# Java VM: Java HotSpot(TM) 64-Bit Server VM (25.121-b13 mixed mode windows-amd64 compressed oops)
Heap:
 PSYoungGen      total 142336K, used 65364K [0x00000000d5d80000, 0x00000000df180000, 0x0000000100000000)
  eden space 133120K, 49% used [0x00000000d5d80000,0x00000000d9d55220,0x00000000ddf80000)
  from space 9216K, 0% used [0x00000000ddf80000,0x00000000ddf80000,0x00000000de880000)
  to   space 9216K, 0% used [0x00000000de880000,0x00000000de880000,0x00000000df180000)
 ParOldGen       total 79360K, used 25470K [0x0000000081800000, 0x0000000086580000, 0x00000000d5d80000)
  object space 79360K, 32% used [0x0000000081800000,0x00000000830dfbb8,0x0000000086580000)
 Metaspace       used 42617K, capacity 44308K, committed 44672K, reserved 1089536K
  class space    used 5870K, capacity 6194K, committed 6272K, reserved 1048576K
GC Heap History (10 events):
Event: 7.059 GC heap before
{Heap before GC invocations=10 (full 1):
 PSYoungGen      total 142336K, used 142323K [0x00000000d5d80000, 0x00000000df180000, 0x0000000100000000)
  eden space 133120K, 100% used [0x00000000d5d80000,0x00000000ddf80000,0x00000000ddf80000)
  from space 9216K, 99% used [0x00000000de880000,0x00000000df17cf90,0x00000000df180000)
  to   space 9216K, 0% used [0x00000000ddf80000,0x00000000ddf80000,0x00000000de880000)
 ParOldGen       total 49664K, used 8140K [0x0000000081800000, 0x0000000084880000, 0x00000000d5d80000)
  object space 49664K, 16% used [0x0000000081800000,0x0000000081ff30e8,0x0000000084880000)
 Metaspace       used 32867K, capacity 34506K, committed 34816K, reserved 1079296K
  class space    used 4460K, capacity 4789K, committed 4864K, reserved 1048576K
Event: 7.077 GC heap after
Heap after GC invocations=10 (full 1):
 PSYoungGen      total 142336K, used 9188K [0x00000000d5d80000, 0x00000000df180000, 0x0000000100000000)
  eden space 133120K, 0% used [0x00000000d5d80000,0x00000000d5d80000,0x00000000ddf80000)
  from space 9216K, 99% used [0x00000000ddf80000,0x00000000de879228,0x00000000de880000)
  to   space 9216K, 0% used [0x00000000de880000,0x00000000de880000,0x00000000df180000)
 ParOldGen       total 49664K, used 14382K [0x0000000081800000, 0x0000000084880000, 0x00000000d5d80000)
  object space 49664K, 28% used [0x0000000081800000,0x000000008260ba70,0x0000000084880000)
 Metaspace       used 32867K, capacity 34506K, committed 34816K, reserved 1079296K
  class space    used 4460K, capacity 4789K, committed 4864K, reserved 1048576K
}
Event: 7.276 GC heap before
{Heap before GC invocations=11 (full 1):
 PSYoungGen      total 142336K, used 30064K [0x00000000d5d80000, 0x00000000df180000, 0x0000000100000000)
  eden space 133120K, 15% used [0x00000000d5d80000,0x00000000d71e3110,0x00000000ddf80000)
  from space 9216K, 99% used [0x00000000ddf80000,0x00000000de879228,0x00000000de880000)
  to   space 9216K, 0% used [0x00000000de880000,0x00000000de880000,0x00000000df180000)
 ParOldGen       total 49664K, used 14382K [0x0000000081800000, 0x0000000084880000, 0x00000000d5d80000)
  object space 49664K, 28% used [0x0000000081800000,0x000000008260ba70,0x0000000084880000)
 Metaspace       used 33734K, capacity 35346K, committed 35456K, reserved 1079296K
  class space    used 4564K, capacity 4893K, committed 4992K, reserved 1048576K
Event: 7.292 GC heap after
Heap after GC invocations=11 (full 1):
 PSYoungGen      total 142336K, used 3590K [0x00000000d5d80000, 0x00000000df180000, 0x0000000100000000)
  eden space 133120K, 0% used [0x00000000d5d80000,0x00000000d5d80000,0x00000000ddf80000)
  from space 9216K, 38% used [0x00000000de880000,0x00000000dec01a70,0x00000000df180000)
  to   space 9216K, 0% used [0x00000000ddf80000,0x00000000ddf80000,0x00000000de880000)
 ParOldGen       total 49664K, used 21099K [0x0000000081800000, 0x0000000084880000, 0x00000000d5d80000)
  object space 49664K, 42% used [0x0000000081800000,0x0000000082c9adc8,0x0000000084880000)
 Metaspace       used 33734K, capacity 35346K, committed 35456K, reserved 1079296K
  class space    used 4564K, capacity 4893K, committed 4992K, reserved 1048576K
}
Event: 7.292 GC heap before
{Heap before GC invocations=12 (full 2):
 PSYoungGen      total 142336K, used 3590K [0x00000000d5d80000, 0x00000000df180000, 0x0000000100000000)
  eden space 133120K, 0% used [0x00000000d5d80000,0x00000000d5d80000,0x00000000ddf80000)
  from space 9216K, 38% used [0x00000000de880000,0x00000000dec01a70,0x00000000df180000)
  to   space 9216K, 0% used [0x00000000ddf80000,0x00000000ddf80000,0x00000000de880000)
 ParOldGen       total 49664K, used 21099K [0x0000000081800000, 0x0000000084880000, 0x00000000d5d80000)
  object space 49664K, 42% used [0x0000000081800000,0x0000000082c9adc8,0x0000000084880000)
 Metaspace       used 33734K, capacity 35346K, committed 35456K, reserved 1079296K
  class space    used 4564K, capacity 4893K, committed 4992K, reserved 1048576K
Event: 7.400 GC heap after
Heap after GC invocations=12 (full 2):
 PSYoungGen      total 142336K, used 0K [0x00000000d5d80000, 0x00000000df180000, 0x0000000100000000)
  eden space 133120K, 0% used [0x00000000d5d80000,0x00000000d5d80000,0x00000000ddf80000)
  from space 9216K, 0% used [0x00000000de880000,0x00000000de880000,0x00000000df180000)
  to   space 9216K, 0% used [0x00000000ddf80000,0x00000000ddf80000,0x00000000de880000)
 ParOldGen       total 79360K, used 19470K [0x0000000081800000, 0x0000000086580000, 0x00000000d5d80000)
  object space 79360K, 24% used [0x0000000081800000,0x0000000082b039c8,0x0000000086580000)
 Metaspace       used 33734K, capacity 35346K, committed 35456K, reserved 1079296K
  class space    used 4564K, capacity 4893K, committed 4992K, reserved 1048576K
}
Event: 8.329 GC heap before
{Heap before GC invocations=13 (full 2):
 PSYoungGen      total 142336K, used 117643K [0x00000000d5d80000, 0x00000000df180000, 0x0000000100000000)
  eden space 133120K, 88% used [0x00000000d5d80000,0x00000000dd062f40,0x00000000ddf80000)
  from space 9216K, 0% used [0x00000000de880000,0x00000000de880000,0x00000000df180000)
  to   space 9216K, 0% used [0x00000000ddf80000,0x00000000ddf80000,0x00000000de880000)
 ParOldGen       total 79360K, used 19470K [0x0000000081800000, 0x0000000086580000, 0x00000000d5d80000)
  object space 79360K, 24% used [0x0000000081800000,0x0000000082b039c8,0x0000000086580000)
 Metaspace       used 39871K, capacity 41550K, committed 41728K, reserved 1089536K
  class space    used 5508K, capacity 5835K, committed 5888K, reserved 1048576K
Event: 8.337 GC heap after
Heap after GC invocations=13 (full 2):
 PSYoungGen      total 142336K, used 7031K [0x00000000d5d80000, 0x00000000df180000, 0x0000000100000000)
  eden space 133120K, 0% used [0x00000000d5d80000,0x00000000d5d80000,0x00000000ddf80000)
  from space 9216K, 76% used [0x00000000ddf80000,0x00000000de65de38,0x00000000de880000)
  to   space 9216K, 0% used [0x00000000de880000,0x00000000de880000,0x00000000df180000)
 ParOldGen       total 79360K, used 19478K [0x0000000081800000, 0x0000000086580000, 0x00000000d5d80000)
  object space 79360K, 24% used [0x0000000081800000,0x0000000082b059c8,0x0000000086580000)
 Metaspace       used 39871K, capacity 41550K, committed 41728K, reserved 1089536K
  class space    used 5508K, capacity 5835K, committed 5888K, reserved 1048576K
}
Event: 8.337 GC heap before
{Heap before GC invocations=14 (full 3):
 PSYoungGen      total 142336K, used 7031K [0x00000000d5d80000, 0x00000000df180000, 0x0000000100000000)
  eden space 133120K, 0% used [0x00000000d5d80000,0x00000000d5d80000,0x00000000ddf80000)
  from space 9216K, 76% used [0x00000000ddf80000,0x00000000de65de38,0x00000000de880000)
  to   space 9216K, 0% used [0x00000000de880000,0x00000000de880000,0x00000000df180000)
 ParOldGen       total 79360K, used 19478K [0x0000000081800000, 0x0000000086580000, 0x00000000d5d80000)
  object space 79360K, 24% used [0x0000000081800000,0x0000000082b059c8,0x0000000086580000)
 Metaspace       used 39871K, capacity 41550K, committed 41728K, reserved 1089536K
  class space    used 5508K, capacity 5835K, committed 5888K, reserved 1048576K
Event: 8.589 GC heap after
Heap after GC invocations=14 (full 3):
 PSYoungGen      total 142336K, used 0K [0x00000000d5d80000, 0x00000000df180000, 0x0000000100000000)
  eden space 133120K, 0% used [0x00000000d5d80000,0x00000000d5d80000,0x00000000ddf80000)
  from space 9216K, 0% used [0x00000000ddf80000,0x00000000ddf80000,0x00000000de880000)
  to   space 9216K, 0% used [0x00000000de880000,0x00000000de880000,0x00000000df180000)
 ParOldGen       total 79360K, used 25470K [0x0000000081800000, 0x0000000086580000, 0x00000000d5d80000)
  object space 79360K, 32% used [0x0000000081800000,0x00000000830dfbb8,0x0000000086580000)
 Metaspace       used 39871K, capacity 41550K, committed 41728K, reserved 1087488K
  class space    used 5508K, capacity 5835K, committed 5888K, reserved 1048576K
}

